<?xml version="1.0" encoding="UTF-8"?>
<!-- Generated by org.testng.reporters.JUnitReportReporter -->
<testsuite hostname="DESKTOP-4MKGTCT" failures="0" tests="2" name="com.nop.TestCases.TC_LoginTest_001" time="19.079" errors="0" timestamp="2022-12-02T19:10:13 IST" skipped="0">
  <testcase classname="com.nop.TestCases.TC_LoginTest_001" name="logvalidation" time="19.011"/>
  <system-out/>
  <testcase classname="com.nop.TestCases.TC_LoginTest_001" name="logoverification" time="0.068"/>
  <system-out/>
</testsuite> <!-- com.nop.TestCases.TC_LoginTest_001 -->
